20:40:57.931 INFO - Launching a standalone Selenium Server
20:40:57.996 INFO - Java: Oracle Corporation 25.121-b13
20:40:57.997 INFO - OS: Mac OS X 10.12.2 x86_64
20:40:58.013 INFO - v2.53.0, with Core v2.53.0. Built from revision 35ae25b
20:40:58.100 INFO - Driver provider org.openqa.selenium.ie.InternetExplorerDriver registration is skipped:
registration capabilities Capabilities [{ensureCleanSession=true, browserName=internet explorer, version=, platform=WINDOWS}] does not match the current platform MAC
20:40:58.100 INFO - Driver provider org.openqa.selenium.edge.EdgeDriver registration is skipped:
registration capabilities Capabilities [{browserName=MicrosoftEdge, version=, platform=WINDOWS}] does not match the current platform MAC
20:40:58.101 INFO - Driver class not found: com.opera.core.systems.OperaDriver
20:40:58.101 INFO - Driver provider com.opera.core.systems.OperaDriver is not registered
20:40:58.103 INFO - Driver class not found: org.openqa.selenium.htmlunit.HtmlUnitDriver
20:40:58.103 INFO - Driver provider org.openqa.selenium.htmlunit.HtmlUnitDriver is not registered
20:40:58.271 INFO - RemoteWebDriver instances should connect to: http://127.0.0.1:4444/wd/hub
20:40:58.272 INFO - Selenium Server is up and running
20:40:59.338 INFO - Executing: [new session: Capabilities [{acceptSslCerts=true, name=Smoke / View Script Check, browserName=chrome, javascriptEnabled=true, platform=ANY}]])
20:40:59.350 INFO - Creating a new session for Capabilities [{acceptSslCerts=true, name=Smoke / View Script Check, browserName=chrome, javascriptEnabled=true, platform=ANY}]
Starting ChromeDriver 2.28.455517 (2c6d2707d8ea850c862f04ac066724273981e88f) on port 27216
Only local connections are allowed.
20:41:02.972 INFO - Done: [new session: Capabilities [{acceptSslCerts=true, name=Smoke / View Script Check, browserName=chrome, javascriptEnabled=true, platform=ANY}]]
20:41:03.015 INFO - Executing: [get: http://shop.nordstrom.com/])
20:41:13.178 INFO - Done: [get: http://shop.nordstrom.com/]
20:41:13.189 INFO - Executing: [set script timeout: 15000])
20:41:13.204 INFO - Done: [set script timeout: 15000]
20:41:13.215 INFO - Executing: [get: http://shop.nordstrom.com/])
20:41:17.533 INFO - Done: [get: http://shop.nordstrom.com/]
20:41:17.548 INFO - Executing: [find elements: By.cssSelector: body])
20:41:17.610 INFO - Done: [find elements: By.cssSelector: body]
20:41:17.623 INFO - Executing: [is displayed: 0 [[ChromeDriver: chrome on MAC (16cb00ccd99d6ed3f40a61630ac91019)] -> css selector: body]])
20:41:17.662 INFO - Done: [is displayed: 0 [[ChromeDriver: chrome on MAC (16cb00ccd99d6ed3f40a61630ac91019)] -> css selector: body]]
20:41:17.673 INFO - Executing: [get title])
20:41:17.685 INFO - Done: [get title]
20:41:17.696 INFO - Executing: [find element: By.cssSelector: head])
20:41:17.753 INFO - Done: [find element: By.cssSelector: head]
20:41:17.760 INFO - Executing: [get element attribute: 1 [[ChromeDriver: chrome on MAC (16cb00ccd99d6ed3f40a61630ac91019)] -> css selector: head], src])
20:41:17.774 INFO - Done: [get element attribute: 1 [[ChromeDriver: chrome on MAC (16cb00ccd99d6ed3f40a61630ac91019)] -> css selector: head], src]
20:41:17.787 INFO - Executing: [delete session: 6e2f7633-e75b-4792-abf4-73b3d7a193e8])
20:41:18.026 INFO - Done: [delete session: 6e2f7633-e75b-4792-abf4-73b3d7a193e8]
20:41:18.074 INFO - Executing: [new session: Capabilities [{acceptSslCerts=true, name=Integration / Misc, browserName=chrome, javascriptEnabled=true, platform=ANY}]])
20:41:18.076 INFO - Creating a new session for Capabilities [{acceptSslCerts=true, name=Integration / Misc, browserName=chrome, javascriptEnabled=true, platform=ANY}]
Starting ChromeDriver 2.28.455517 (2c6d2707d8ea850c862f04ac066724273981e88f) on port 46447
Only local connections are allowed.
20:41:19.782 INFO - Done: [new session: Capabilities [{acceptSslCerts=true, name=Integration / Misc, browserName=chrome, javascriptEnabled=true, platform=ANY}]]
20:41:19.791 INFO - Executing: [get: http://shop.nordstrom.com/])
20:41:28.674 INFO - Done: [get: http://shop.nordstrom.com/]
20:41:28.686 INFO - Executing: [find elements: By.cssSelector: body])
20:41:28.760 INFO - Done: [find elements: By.cssSelector: body]
20:41:28.773 INFO - Executing: [is displayed: 0 [[ChromeDriver: chrome on MAC (6237fbdb95e3255ed23bcb748f73abfa)] -> css selector: body]])
20:41:28.876 INFO - Done: [is displayed: 0 [[ChromeDriver: chrome on MAC (6237fbdb95e3255ed23bcb748f73abfa)] -> css selector: body]]
20:41:28.892 INFO - Executing: [get title])
20:41:28.918 INFO - Done: [get title]
20:41:28.931 INFO - Executing: [execute async script: var passedArgs = Array.prototype.slice.call(arguments,0); return function (data, done) {
        someAsyncOperation(function() {
          CreditCardApplication_setCreditLocalStorage();
          done(true);
        });
      }.apply(window, passedArgs);, []])
20:41:40.678 WARN - Exception thrown
org.openqa.selenium.WebDriverException: javascript error: someAsyncOperation is not defined
JavaScript stack:
ReferenceError: someAsyncOperation is not defined
    at eval (eval at executeAsyncScript (:439:5), <anonymous>:3:9)
    at eval (eval at executeAsyncScript (:439:5), <anonymous>:7:9)
    at eval (eval at executeAsyncScript (:439:5), <anonymous>:7:38)
    at executeAsyncScript (<anonymous>:439:26)
    at <anonymous>:455:29
    at callFunction (<anonymous>:347:33)
    at <anonymous>:357:23
    at <anonymous>:358:3
  (Session info: chrome=57.0.2987.133)
  (Driver info: chromedriver=2.28.455517 (2c6d2707d8ea850c862f04ac066724273981e88f),platform=Mac OS X 10.12.2 x86_64) (WARNING: The server did not provide any stacktrace information)
Command duration or timeout: 59 milliseconds
Build info: version: '2.53.0', revision: '35ae25b', time: '2016-03-15 17:00:58'
System info: host: 'xmile.local', ip: '172.16.23.194', os.name: 'Mac OS X', os.arch: 'x86_64', os.version: '10.12.2', java.version: '1.8.0_121'
Driver info: org.openqa.selenium.chrome.ChromeDriver
Capabilities [{applicationCacheEnabled=false, rotatable=false, mobileEmulationEnabled=false, networkConnectionEnabled=false, chrome={chromedriverVersion=2.28.455517 (2c6d2707d8ea850c862f04ac066724273981e88f), userDataDir=/var/folders/lf/czcq63294zxfgh8fzcsb6s9h0000gn/T/.org.chromium.Chromium.9uuHAg}, takesHeapSnapshot=true, pageLoadStrategy=normal, databaseEnabled=false, handlesAlerts=true, hasTouchScreen=false, version=57.0.2987.133, platform=MAC, browserConnectionEnabled=false, nativeEvents=true, acceptSslCerts=true, locationContextEnabled=true, webStorageEnabled=true, browserName=chrome, takesScreenshot=true, javascriptEnabled=true, cssSelectorsEnabled=true, unexpectedAlertBehaviour=}]
Session ID: 6237fbdb95e3255ed23bcb748f73abfa
	at sun.reflect.NativeConstructorAccessorImpl.newInstance0(Native Method)
	at sun.reflect.NativeConstructorAccessorImpl.newInstance(NativeConstructorAccessorImpl.java:62)
	at sun.reflect.DelegatingConstructorAccessorImpl.newInstance(DelegatingConstructorAccessorImpl.java:45)
	at java.lang.reflect.Constructor.newInstance(Constructor.java:423)
	at org.openqa.selenium.remote.ErrorHandler.createThrowable(ErrorHandler.java:206)
	at org.openqa.selenium.remote.ErrorHandler.throwIfResponseFailed(ErrorHandler.java:158)
	at org.openqa.selenium.remote.RemoteWebDriver.execute(RemoteWebDriver.java:678)
	at org.openqa.selenium.remote.RemoteWebDriver.executeAsyncScript(RemoteWebDriver.java:598)
	at sun.reflect.NativeMethodAccessorImpl.invoke0(Native Method)
	at sun.reflect.NativeMethodAccessorImpl.invoke(NativeMethodAccessorImpl.java:62)
	at sun.reflect.DelegatingMethodAccessorImpl.invoke(DelegatingMethodAccessorImpl.java:43)
	at java.lang.reflect.Method.invoke(Method.java:498)
	at org.openqa.selenium.support.events.EventFiringWebDriver$2.invoke(EventFiringWebDriver.java:103)
	at com.sun.proxy.$Proxy1.executeAsyncScript(Unknown Source)
	at org.openqa.selenium.support.events.EventFiringWebDriver.executeAsyncScript(EventFiringWebDriver.java:229)
	at org.openqa.selenium.remote.server.handler.ExecuteAsyncScript.call(ExecuteAsyncScript.java:58)
	at java.util.concurrent.FutureTask.run(FutureTask.java:266)
	at org.openqa.selenium.remote.server.DefaultSession$1.run(DefaultSession.java:176)
	at java.util.concurrent.ThreadPoolExecutor.runWorker(ThreadPoolExecutor.java:1142)
	at java.util.concurrent.ThreadPoolExecutor$Worker.run(ThreadPoolExecutor.java:617)
	at java.lang.Thread.run(Thread.java:745)
20:42:00.720 WARN - Exception: javascript error: someAsyncOperation is not defined
JavaScript stack:
ReferenceError: someAsyncOperation is not defined
    at eval (eval at executeAsyncScript (:439:5), <anonymous>:3:9)
    at eval (eval at executeAsyncScript (:439:5), <anonymous>:7:9)
    at eval (eval at executeAsyncScript (:439:5), <anonymous>:7:38)
    at executeAsyncScript (<anonymous>:439:26)
    at <anonymous>:455:29
    at callFunction (<anonymous>:347:33)
    at <anonymous>:357:23
    at <anonymous>:358:3
  (Session info: chrome=57.0.2987.133)
  (Driver info: chromedriver=2.28.455517 (2c6d2707d8ea850c862f04ac066724273981e88f),platform=Mac OS X 10.12.2 x86_64) (WARNING: The server did not provide any stacktrace information)
Command duration or timeout: 59 milliseconds
Build info: version: '2.53.0', revision: '35ae25b', time: '2016-03-15 17:00:58'
System info: host: 'xmile.local', ip: '172.16.23.194', os.name: 'Mac OS X', os.arch: 'x86_64', os.version: '10.12.2', java.version: '1.8.0_121'
Driver info: org.openqa.selenium.chrome.ChromeDriver
Capabilities [{applicationCacheEnabled=false, rotatable=false, mobileEmulationEnabled=false, networkConnectionEnabled=false, chrome={chromedriverVersion=2.28.455517 (2c6d2707d8ea850c862f04ac066724273981e88f), userDataDir=/var/folders/lf/czcq63294zxfgh8fzcsb6s9h0000gn/T/.org.chromium.Chromium.9uuHAg}, takesHeapSnapshot=true, pageLoadStrategy=normal, databaseEnabled=false, handlesAlerts=true, hasTouchScreen=false, version=57.0.2987.133, platform=MAC, browserConnectionEnabled=false, nativeEvents=true, acceptSslCerts=true, locationContextEnabled=true, webStorageEnabled=true, browserName=chrome, takesScreenshot=true, javascriptEnabled=true, cssSelectorsEnabled=true, unexpectedAlertBehaviour=}]
Session ID: 6237fbdb95e3255ed23bcb748f73abfa
20:42:28.935 INFO - Executing: [get all cookies])
20:42:28.975 INFO - Done: [get all cookies]
20:42:29.140 INFO - Executing: [find element: By.cssSelector: a.rfx_T-B-F])
20:42:29.180 INFO - Done: [find element: By.cssSelector: a.rfx_T-B-F]
20:42:29.189 INFO - Executing: [click: 1 [[ChromeDriver: chrome on MAC (6237fbdb95e3255ed23bcb748f73abfa)] -> css selector: a.rfx_T-B-F]])
20:42:36.026 INFO - Done: [click: 1 [[ChromeDriver: chrome on MAC (6237fbdb95e3255ed23bcb748f73abfa)] -> css selector: a.rfx_T-B-F]]
20:42:36.036 INFO - Executing: [find element: By.cssSelector: .side-navigation.browse-nav])
20:42:36.070 INFO - Done: [find element: By.cssSelector: .side-navigation.browse-nav]
20:42:36.077 INFO - Executing: [get text: 2 [[ChromeDriver: chrome on MAC (6237fbdb95e3255ed23bcb748f73abfa)] -> css selector: .side-navigation.browse-nav]])
20:42:36.148 INFO - Done: [get text: 2 [[ChromeDriver: chrome on MAC (6237fbdb95e3255ed23bcb748f73abfa)] -> css selector: .side-navigation.browse-nav]]
20:42:36.159 INFO - Executing: [delete session: 3cb0c240-66e2-4a59-bc49-9e231d486fbf])
20:42:36.635 INFO - Done: [delete session: 3cb0c240-66e2-4a59-bc49-9e231d486fbf]
